<?xml version="1.0" encoding="UTF-8"?>
<!-- Generated by org.testng.reporters.JUnitReportReporter -->
<testsuite hostname="DESKTOP-6JUGJ4I" failures="0" tests="2" name="tests.FirstPageTest" time="19.142" errors="0" timestamp="2022-12-01T17:30:57 IST" skipped="0">
  <testcase classname="tests.FirstPageTest" name="test1" time="8.781"/>
  <system-out/>
  <testcase classname="tests.FirstPageTest" name="test1" time="10.361"/>
  <system-out/>
</testsuite> <!-- tests.FirstPageTest -->
