<?xml version="1.0" encoding="UTF-8"?>
<!-- Generated by org.testng.reporters.JUnitReportReporter -->
<testsuite hostname="DESKTOP-6JUGJ4I" failures="0" tests="16" name="tests.RegisterPageTest" time="36.451" errors="0" timestamp="2022-12-01T20:51:52 IST" skipped="12">
  <testcase classname="tests.RegisterPageTest" name="providingblankUserName" time="10.627"/>
  <system-out/>
  <testcase classname="tests.RegisterPageTest" name="providingValidRegistrationData" time="7.108"/>
  <system-out/>
  <testcase classname="tests.RegisterPageTest" name="providingblankUserName" time="7.803"/>
  <system-out/>
  <testcase classname="tests.RegisterPageTest" name="providingValidRegistrationData" time="10.913"/>
  <system-out/>
  <testcase classname="tests.RegisterPageTest" name="testFunction2">
    <skipped/>
  </testcase> <!-- testFunction2 -->
  <system-out/>
  <testcase classname="tests.RegisterPageTest" name="testFunction2">
    <skipped/>
  </testcase> <!-- testFunction2 -->
  <system-out/>
  <testcase classname="tests.RegisterPageTest" name="testFunction5">
    <skipped/>
  </testcase> <!-- testFunction5 -->
  <system-out/>
  <testcase classname="tests.RegisterPageTest" name="testFunction5">
    <skipped/>
  </testcase> <!-- testFunction5 -->
  <system-out/>
  <testcase classname="tests.RegisterPageTest" name="testFunction4">
    <skipped/>
  </testcase> <!-- testFunction4 -->
  <system-out/>
  <testcase classname="tests.RegisterPageTest" name="testFunction4">
    <skipped/>
  </testcase> <!-- testFunction4 -->
  <system-out/>
  <testcase classname="tests.RegisterPageTest" name="testFunction7">
    <skipped/>
  </testcase> <!-- testFunction7 -->
  <system-out/>
  <testcase classname="tests.RegisterPageTest" name="testFunction7">
    <skipped/>
  </testcase> <!-- testFunction7 -->
  <system-out/>
  <testcase classname="tests.RegisterPageTest" name="testFunction6">
    <skipped/>
  </testcase> <!-- testFunction6 -->
  <system-out/>
  <testcase classname="tests.RegisterPageTest" name="testFunction6">
    <skipped/>
  </testcase> <!-- testFunction6 -->
  <system-out/>
  <testcase classname="tests.RegisterPageTest" name="testFunction3">
    <skipped/>
  </testcase> <!-- testFunction3 -->
  <system-out/>
  <testcase classname="tests.RegisterPageTest" name="testFunction3">
    <skipped/>
  </testcase> <!-- testFunction3 -->
  <system-out/>
</testsuite> <!-- tests.RegisterPageTest -->
